#
# There is insufficient memory for the Java Runtime Environment to continue.
# Native memory allocation (mmap) failed to map 260046848 bytes for G1 virtual space
# Possible reasons:
#   The system is out of physical RAM or swap space
#   The process is running with CompressedOops enabled, and the Java Heap may be blocking the growth of the native heap
# Possible solutions:
#   Reduce memory load on the system
#   Increase physical memory or swap space
#   Check if swap backing store is full
#   Decrease Java heap size (-Xmx/-Xms)
#   Decrease number of Java threads
#   Decrease Java thread stack sizes (-Xss)
#   Set larger code cache with -XX:ReservedCodeCacheSize=
#   JVM is running with Zero Based Compressed Oops mode in which the Java heap is
#     placed in the first 32GB address space. The Java Heap base address is the
#     maximum limit for the native heap growth. Please use -XX:HeapBaseMinAddress
#     to set the Java Heap base and to place the Java Heap above 32GB virtual address.
# This output file may be truncated or incomplete.
#
#  Out of Memory Error (os_windows.cpp:3600), pid=5184, tid=14376
#
# JRE version:  (21.0.2+13) (build )
# Java VM: Java HotSpot(TM) 64-Bit Server VM (21.0.2+13-LTS-58, mixed mode, sharing, tiered, compressed oops, compressed class ptrs, g1 gc, windows-amd64)
# No core dump will be written. Minidumps are not enabled by default on client versions of Windows
#

---------------  S U M M A R Y ------------

Command Line: C:\Users\Deepansh Vishwakarma\OneDrive\Desktop\Ms-App\backend\api-gateway\target\api-gateway-1.0.0.jar

Host: AMD Ryzen 5 5600H with Radeon Graphics         , 12 cores, 15G,  Windows 11 , 64 bit Build 26100 (10.0.26100.8737)
Time: Mon Jul 13 15:22:23 2026 India Standard Time elapsed time: 0.035609 seconds (0d 0h 0m 0s)

---------------  T H R E A D  ---------------

Current thread (0x000001f86b43eca0):  JavaThread "Unknown thread" [_thread_in_vm, id=14376, stack(0x000000d9b7300000,0x000000d9b7400000) (1024K)]

Stack: [0x000000d9b7300000,0x000000d9b7400000]
Native frames: (J=compiled Java code, j=interpreted, Vv=VM code, C=native code)
V  [jvm.dll+0x6cade9]
V  [jvm.dll+0x8569c1]
V  [jvm.dll+0x858d2e]
V  [jvm.dll+0x859413]
V  [jvm.dll+0x280e56]
V  [jvm.dll+0x6c74d5]
V  [jvm.dll+0x6bbeca]
V  [jvm.dll+0x355bca]
V  [jvm.dll+0x35d816]
V  [jvm.dll+0x3ae67e]
V  [jvm.dll+0x3ae928]
V  [jvm.dll+0x3295dc]
V  [jvm.dll+0x32a16b]
V  [jvm.dll+0x81efa9]
V  [jvm.dll+0x3bba01]
V  [jvm.dll+0x807928]
V  [jvm.dll+0x44f50e]
V  [jvm.dll+0x450e11]
C  [jli.dll+0x52a3]
C  [ucrtbase.dll+0x2cd30]
C  [KERNEL32.DLL+0x2e957]
C  [ntdll.dll+0xaad6c]


---------------  P R O C E S S  ---------------

Threads class SMR info:
_java_thread_list=0x00007ffefd94bb88, length=0, elements={
}

Java Threads: ( => current thread )
Total: 0

Other Threads:
  0x000001f86ba5af40 WorkerThread "GC Thread#0"                     [id=18768, stack(0x000000d9b7400000,0x000000d9b7500000) (1024K)]
  0x000001f86ba6e240 ConcurrentGCThread "G1 Main Marker"            [id=20912, stack(0x000000d9b7500000,0x000000d9b7600000) (1024K)]
  0x000001f86ba6f2f0 WorkerThread "G1 Conc#0"                       [id=18464, stack(0x000000d9b7600000,0x000000d9b7700000) (1024K)]

[error occurred during error reporting (printing all threads), id 0xc0000005, EXCEPTION_ACCESS_VIOLATION (0xc0000005) at pc=0x00007ffefd0bc6a7]
VM state: not at safepoint (not fully initialized)

VM Mutex/Monitor currently owned by a thread:  ([mutex/lock_event])
[0x00007ffefd9bce68] Heap_lock - owner thread: 0x000001f86b43eca0

Heap address: 0x0000000709800000, size: 3944 MB, Compressed Oops mode: Zero based, Oop shift amount: 3

CDS archive(s) mapped at: [0x0000000000000000-0x0000000000000000-0x0000000000000000), size 0, SharedBaseAddress: 0x0000000800000000, ArchiveRelocationMode: 1.
Narrow klass base: 0x0000000000000000, Narrow klass shift: 0, Narrow klass range: 0x0

GC Precious Log:
 CardTable entry size: 512
 Card Set container configuration: InlinePtr #cards 4 size 8 Array Of Cards #cards 16 size 48 Howl #buckets 8 coarsen threshold 3686 Howl Bitmap #cards 512 size 80 coarsen threshold 460 Card regions per heap region 1 cards per card region 4096

Heap:
 garbage-first heap   total 0K, used 0K [0x0000000709800000, 0x0000000800000000)
  region size 2048K, 0 young (0K), 0 survivors (0K)

[error occurred during error reporting (printing heap information), id 0xc0000005, EXCEPTION_ACCESS_VIOLATION (0xc0000005) at pc=0x00007ffefd4a39f9]
GC Heap History (0 events):
No events

Dll operation events (1 events):
Event: 0.022 Loaded shared library C:\Program Files\Java\jdk-21\bin\java.dll

Deoptimization events (0 events):
No events

Classes loaded (0 events):
No events

Classes unloaded (0 events):
No events

Classes redefined (0 events):
No events

Internal exceptions (0 events):
No events

ZGC Phase Switch (0 events):
No events

VM Operations (0 events):
No events

Events (0 events):
No events


Dynamic libraries:
0x00007ff763ba0000 - 0x00007ff763bb0000 	C:\Program Files\Java\jdk-21\bin\java.exe
0x00007fffb7b80000 - 0x00007fffb7de6000 	C:\WINDOWS\SYSTEM32\ntdll.dll
0x00007fffb6ef0000 - 0x00007fffb6fb9000 	C:\WINDOWS\System32\KERNEL32.DLL
0x00007fffb4da0000 - 0x00007fffb51a0000 	C:\WINDOWS\System32\KERNELBASE.dll
0x00007fffb5540000 - 0x00007fffb568c000 	C:\WINDOWS\System32\ucrtbase.dll
0x00007fffa56e0000 - 0x00007fffa56fb000 	C:\Program Files\Java\jdk-21\bin\VCRUNTIME140.dll
0x00007fffa6170000 - 0x00007fffa6189000 	C:\Program Files\Java\jdk-21\bin\jli.dll
0x00007fffb6550000 - 0x00007fffb6607000 	C:\WINDOWS\System32\ADVAPI32.dll
0x00007fffb6120000 - 0x00007fffb61c9000 	C:\WINDOWS\System32\msvcrt.dll
0x00007fffb6070000 - 0x00007fffb611a000 	C:\WINDOWS\System32\sechost.dll
0x00007fffb62c0000 - 0x00007fffb63d8000 	C:\WINDOWS\System32\RPCRT4.dll
0x00007fffb75b0000 - 0x00007fffb7777000 	C:\WINDOWS\System32\USER32.dll
0x00007fffb57d0000 - 0x00007fffb57f7000 	C:\WINDOWS\System32\win32u.dll
0x00007fff9ff40000 - 0x00007fffa01d2000 	C:\WINDOWS\WinSxS\amd64_microsoft.windows.common-controls_6595b64144ccf1df_6.0.26100.8737_none_3e092eaee333b772\COMCTL32.dll
0x00007fffb7580000 - 0x00007fffb75ab000 	C:\WINDOWS\System32\GDI32.dll
0x00007fffb56a0000 - 0x00007fffb57c9000 	C:\WINDOWS\System32\gdi32full.dll
0x00007fffb5800000 - 0x00007fffb58a3000 	C:\WINDOWS\System32\msvcp_win.dll
0x00007fffacad0000 - 0x00007fffacadb000 	C:\WINDOWS\SYSTEM32\VERSION.dll
0x00007fffb7a70000 - 0x00007fffb7aa2000 	C:\WINDOWS\System32\IMM32.DLL
0x00007fffa79b0000 - 0x00007fffa79bc000 	C:\Program Files\Java\jdk-21\bin\vcruntime140_1.dll
0x00007fff75340000 - 0x00007fff753ce000 	C:\Program Files\Java\jdk-21\bin\msvcp140.dll
0x00007ffefcd80000 - 0x00007ffefda97000 	C:\Program Files\Java\jdk-21\bin\server\jvm.dll
0x00007fffb7ab0000 - 0x00007fffb7b30000 	C:\WINDOWS\System32\WS2_32.dll
0x00007fffb4c00000 - 0x00007fffb4c5e000 	C:\WINDOWS\SYSTEM32\POWRPROF.dll
0x00007fffaca90000 - 0x00007fffacac6000 	C:\WINDOWS\SYSTEM32\WINMM.dll
0x00007fffb4be0000 - 0x00007fffb4bf4000 	C:\WINDOWS\SYSTEM32\UMPDC.dll
0x00007fffb3a80000 - 0x00007fffb3a9b000 	C:\WINDOWS\SYSTEM32\kernel.appcore.dll
0x00007fffa5ec0000 - 0x00007fffa5eca000 	C:\Program Files\Java\jdk-21\bin\jimage.dll
0x00007fffb2340000 - 0x00007fffb2582000 	C:\WINDOWS\SYSTEM32\DBGHELP.DLL
0x00007fffb5ce0000 - 0x00007fffb6063000 	C:\WINDOWS\System32\combase.dll
0x00007fffb61d0000 - 0x00007fffb62a9000 	C:\WINDOWS\System32\OLEAUT32.dll
0x00007fff9d270000 - 0x00007fff9d2ab000 	C:\WINDOWS\SYSTEM32\dbgcore.DLL
0x00007fffb5480000 - 0x00007fffb552c000 	C:\WINDOWS\System32\bcryptPrimitives.dll
0x00007fffa1c00000 - 0x00007fffa1c1f000 	C:\Program Files\Java\jdk-21\bin\java.dll

dbghelp: loaded successfully - version: 4.0.5 - missing functions: none
symbol engine: initialized successfully - sym options: 0x614 - pdb path: .;C:\Program Files\Java\jdk-21\bin;C:\WINDOWS\SYSTEM32;C:\WINDOWS\WinSxS\amd64_microsoft.windows.common-controls_6595b64144ccf1df_6.0.26100.8737_none_3e092eaee333b772;C:\Program Files\Java\jdk-21\bin\server

VM Arguments:
java_command: C:\Users\Deepansh Vishwakarma\OneDrive\Desktop\Ms-App\backend\api-gateway\target\api-gateway-1.0.0.jar
java_class_path (initial): C:\Users\Deepansh Vishwakarma\OneDrive\Desktop\Ms-App\backend\api-gateway\target\api-gateway-1.0.0.jar
Launcher Type: SUN_STANDARD

[Global flags]
     intx CICompilerCount                          = 4                                         {product} {ergonomic}
     uint ConcGCThreads                            = 3                                         {product} {ergonomic}
     uint G1ConcRefinementThreads                  = 10                                        {product} {ergonomic}
   size_t G1HeapRegionSize                         = 2097152                                   {product} {ergonomic}
    uintx GCDrainStackTargetSize                   = 64                                        {product} {ergonomic}
   size_t InitialHeapSize                          = 260046848                                 {product} {ergonomic}
   size_t MarkStackSize                            = 4194304                                   {product} {ergonomic}
   size_t MaxHeapSize                              = 4135583744                                {product} {ergonomic}
   size_t MinHeapDeltaBytes                        = 2097152                                   {product} {ergonomic}
   size_t MinHeapSize                              = 8388608                                   {product} {ergonomic}
    uintx NonNMethodCodeHeapSize                   = 5839372                                {pd product} {ergonomic}
    uintx NonProfiledCodeHeapSize                  = 122909434                              {pd product} {ergonomic}
     bool PerfDisableSharedMem                     = true                                      {product} {ergonomic}
    uintx ProfiledCodeHeapSize                     = 122909434                              {pd product} {ergonomic}
    uintx ReservedCodeCacheSize                    = 251658240                              {pd product} {ergonomic}
     bool SegmentedCodeCache                       = true                                      {product} {ergonomic}
   size_t SoftMaxHeapSize                          = 4135583744                             {manageable} {ergonomic}
     bool UseCompressedOops                        = true                           {product lp64_product} {ergonomic}
     bool UseG1GC                                  = true                                      {product} {ergonomic}
     bool UseLargePagesIndividualAllocation        = false                                  {pd product} {ergonomic}

Logging:
Log output configuration:
 #0: stdout all=warning uptime,level,tags foldmultilines=false
 #1: stderr all=off uptime,level,tags foldmultilines=false

Environment Variables:
PATH=C:\Python313\Scripts\;C:\Python313\;C:\Python312\Scripts\;C:\Python312\;C:\Program Files\Java\jdk-21\bin;C:\Program Files\Git\cmd;C:\Program Files\Git\mingw64\bin;C:\Program Files\Git\usr\bin;C:\ProgramData\chocolatey\bin;C:\WINDOWS\system32;C:\WINDOWS;C:\WINDOWS\System32\Wbem;C:\WINDOWS\System32\WindowsPowerShell\v1.0\;C:\WINDOWS\System32\OpenSSH\;C:\Program Files\nodejs\;C:\Program Files\MySQL\MySQL Server 8.4\bin;C:\Users\Deepansh Vishwakarma\Downloads\apache-maven-3.9.12-bin\apache-maven-3.9.12\bin;;C:\Program Files\Docker\Docker\resources\bin;C:\Program Files\Amazon\AWSCLIV2\;C:\Program Files\MySQL\MySQL Shell 8.0\bin\;C:\Users\Deepansh Vishwakarma\AppData\Roaming\Python\Python313\Scripts;C:\Users\Deepansh Vishwakarma\AppData\Local\Programs\Microsoft VS Code\bin;C:\Users\Deepansh Vishwakarma\AppData\Roaming\npm;C:\Users\Deepansh Vishwakarma\AppData\Roaming\Python\Python3x\Scripts;C:\Users\Deepansh Vishwakarma\AppData\Local\Microsoft\WindowsApps;C:\Program Files\Amazon\AWSCLIV2\aws.exe;C:\Users\Deepansh Vishwakarma\AppData\Local\Programs\Kiro\bin
USERNAME=Deepansh Vishwakarma
LANG=en_US.UTF-8
OS=Windows_NT
PROCESSOR_IDENTIFIER=AMD64 Family 25 Model 80 Stepping 0, AuthenticAMD
TMP=C:\Users\DEEPAN~1\AppData\Local\Temp
TEMP=C:\Users\DEEPAN~1\AppData\Local\Temp




Periodic native trim disabled

---------------  S Y S T E M  ---------------

OS:
 Windows 11 , 64 bit Build 26100 (10.0.26100.8737)
OS uptime: 1 days 1:16 hours
Hyper-V role detected

CPU: total 12 (initial active 12) (12 cores per cpu, 2 threads per core) family 25 model 80 stepping 0 microcode 0xa50000d, cx8, cmov, fxsr, ht, mmx, 3dnowpref, sse, sse2, sse3, ssse3, sse4a, sse4.1, sse4.2, popcnt, lzcnt, tsc, tscinvbit, avx, avx2, aes, erms, clmul, bmi1, bmi2, adx, sha, fma, vzeroupper, clflush, clflushopt, hv, rdtscp, rdpid, fsrm, f16c, cet_ss
Processor Information for all 12 processors :
  Max Mhz: 3301, Current Mhz: 1908, Mhz Limit: 3301

Memory: 4k page, system-wide physical 15773M (577M free)
TotalPageFile size 25745M (AvailPageFile size 86M)
current process WorkingSet (physical memory assigned to process): 13M, peak: 13M
current process commit charge ("private bytes"): 64M, peak: 312M

vm_info: Java HotSpot(TM) 64-Bit Server VM (21.0.2+13-LTS-58) for windows-amd64 JRE (21.0.2+13-LTS-58), built on 2024-01-05T18:32:24Z by "mach5one" with MS VC++ 17.1 (VS2022)

END.
